Performing C++ SOURCE FILE Test CMAKE_HAVE_LIBC_PTHREAD failed with the following output:
Change Dir: /home/zongbao/Desktop/modern-cpp-template-master/build/CMakeFiles/CMakeTmp

Run Build Command(s):/usr/bin/make cmTC_39b48/fast && /usr/bin/make -f CMakeFiles/cmTC_39b48.dir/build.make CMakeFiles/cmTC_39b48.dir/build
make[1]: 进入目录“/home/zongbao/Desktop/modern-cpp-template-master/build/CMakeFiles/CMakeTmp”
Building CXX object CMakeFiles/cmTC_39b48.dir/src.cxx.o
/bin/x86_64-linux-gnu-g++-9    -DCMAKE_HAVE_LIBC_PTHREAD   -o CMakeFiles/cmTC_39b48.dir/src.cxx.o -c /home/zongbao/Desktop/modern-cpp-template-master/build/CMakeFiles/CMakeTmp/src.cxx
Linking CXX executable cmTC_39b48
/usr/bin/cmake -E cmake_link_script CMakeFiles/cmTC_39b48.dir/link.txt --verbose=1
/bin/x86_64-linux-gnu-g++-9   -DCMAKE_HAVE_LIBC_PTHREAD    CMakeFiles/cmTC_39b48.dir/src.cxx.o  -o cmTC_39b48 
/usr/bin/ld: CMakeFiles/cmTC_39b48.dir/src.cxx.o: in function `main':
src.cxx:(.text+0x46): undefined reference to `pthread_create'
/usr/bin/ld: src.cxx:(.text+0x52): undefined reference to `pthread_detach'
/usr/bin/ld: src.cxx:(.text+0x63): undefined reference to `pthread_join'
collect2: error: ld returned 1 exit status
make[1]: *** [CMakeFiles/cmTC_39b48.dir/build.make:87：cmTC_39b48] 错误 1
make[1]: 离开目录“/home/zongbao/Desktop/modern-cpp-template-master/build/CMakeFiles/CMakeTmp”
make: *** [Makefile:121：cmTC_39b48/fast] 错误 2


Source file was:
#include <pthread.h>

void* test_func(void* data)
{
  return data;
}

int main(void)
{
  pthread_t thread;
  pthread_create(&thread, NULL, test_func, NULL);
  pthread_detach(thread);
  pthread_join(thread, NULL);
  pthread_atfork(NULL, NULL, NULL);
  pthread_exit(NULL);

  return 0;
}

Determining if the function pthread_create exists in the pthreads failed with the following output:
Change Dir: /home/zongbao/Desktop/modern-cpp-template-master/build/CMakeFiles/CMakeTmp

Run Build Command(s):/usr/bin/make cmTC_51d81/fast && /usr/bin/make -f CMakeFiles/cmTC_51d81.dir/build.make CMakeFiles/cmTC_51d81.dir/build
make[1]: 进入目录“/home/zongbao/Desktop/modern-cpp-template-master/build/CMakeFiles/CMakeTmp”
Building CXX object CMakeFiles/cmTC_51d81.dir/CheckFunctionExists.cxx.o
/bin/x86_64-linux-gnu-g++-9    -DCHECK_FUNCTION_EXISTS=pthread_create   -o CMakeFiles/cmTC_51d81.dir/CheckFunctionExists.cxx.o -c /home/zongbao/Desktop/modern-cpp-template-master/build/CMakeFiles/CheckLibraryExists/CheckFunctionExists.cxx
Linking CXX executable cmTC_51d81
/usr/bin/cmake -E cmake_link_script CMakeFiles/cmTC_51d81.dir/link.txt --verbose=1
/bin/x86_64-linux-gnu-g++-9   -DCHECK_FUNCTION_EXISTS=pthread_create    CMakeFiles/cmTC_51d81.dir/CheckFunctionExists.cxx.o  -o cmTC_51d81  -lpthreads 
/usr/bin/ld: 找不到 -lpthreads
collect2: error: ld returned 1 exit status
make[1]: *** [CMakeFiles/cmTC_51d81.dir/build.make:87：cmTC_51d81] 错误 1
make[1]: 离开目录“/home/zongbao/Desktop/modern-cpp-template-master/build/CMakeFiles/CMakeTmp”
make: *** [Makefile:121：cmTC_51d81/fast] 错误 2



